# JRE version: Java(TM) SE Runtime Environment (8.0_101-b13) (build 1.8.0_101-b13)
# Java VM: Java HotSpot(TM) 64-Bit Server VM (25.101-b13 mixed mode windows-amd64 compressed oops)
Heap:
 PSYoungGen      total 38400K, used 11208K [0x00000000d5b00000, 0x00000000d8580000, 0x0000000100000000)
  eden space 33280K, 32% used [0x00000000d5b00000,0x00000000d657a010,0x00000000d7b80000)
  from space 5120K, 9% used [0x00000000d8080000,0x00000000d80f8020,0x00000000d8580000)
  to   space 5120K, 0% used [0x00000000d7b80000,0x00000000d7b80000,0x00000000d8080000)
 ParOldGen       total 42496K, used 7037K [0x0000000081000000, 0x0000000083980000, 0x00000000d5b00000)
  object space 42496K, 16% used [0x0000000081000000,0x00000000816df5f8,0x0000000083980000)
 Metaspace       used 22748K, capacity 23086K, committed 23424K, reserved 1069056K
  class space    used 2771K, capacity 2869K, committed 2944K, reserved 1048576K
GC Heap History (10 events):
Event: 27.075 GC heap before
{Heap before GC invocations=1 (full 0):
 PSYoungGen      total 38400K, used 28043K [0x00000000d5b00000, 0x00000000d8580000, 0x0000000100000000)
  eden space 33280K, 84% used [0x00000000d5b00000,0x00000000d7662ed8,0x00000000d7b80000)
  from space 5120K, 0% used [0x00000000d8080000,0x00000000d8080000,0x00000000d8580000)
  to   space 5120K, 0% used [0x00000000d7b80000,0x00000000d7b80000,0x00000000d8080000)
 ParOldGen       total 87552K, used 0K [0x0000000081000000, 0x0000000086580000, 0x00000000d5b00000)
  object space 87552K, 0% used [0x0000000081000000,0x0000000081000000,0x0000000086580000)
 Metaspace       used 20844K, capacity 21076K, committed 21248K, reserved 1067008K
  class space    used 2719K, capacity 2816K, committed 2816K, reserved 1048576K
Event: 27.086 GC heap after
Heap after GC invocations=1 (full 0):
 PSYoungGen      total 38400K, used 5097K [0x00000000d5b00000, 0x00000000d8580000, 0x0000000100000000)
  eden space 33280K, 0% used [0x00000000d5b00000,0x00000000d5b00000,0x00000000d7b80000)
  from space 5120K, 99% used [0x00000000d7b80000,0x00000000d807a458,0x00000000d8080000)
  to   space 5120K, 0% used [0x00000000d8080000,0x00000000d8080000,0x00000000d8580000)
 ParOldGen       total 87552K, used 1990K [0x0000000081000000, 0x0000000086580000, 0x00000000d5b00000)
  object space 87552K, 2% used [0x0000000081000000,0x00000000811f19a0,0x0000000086580000)
 Metaspace       used 20844K, capacity 21076K, committed 21248K, reserved 1067008K
  class space    used 2719K, capacity 2816K, committed 2816K, reserved 1048576K
}
Event: 27.086 GC heap before
{Heap before GC invocations=2 (full 1):
 PSYoungGen      total 38400K, used 5097K [0x00000000d5b00000, 0x00000000d8580000, 0x0000000100000000)
  eden space 33280K, 0% used [0x00000000d5b00000,0x00000000d5b00000,0x00000000d7b80000)
  from space 5120K, 99% used [0x00000000d7b80000,0x00000000d807a458,0x00000000d8080000)
  to   space 5120K, 0% used [0x00000000d8080000,0x00000000d8080000,0x00000000d8580000)
 ParOldGen       total 87552K, used 1990K [0x0000000081000000, 0x0000000086580000, 0x00000000d5b00000)
  object space 87552K, 2% used [0x0000000081000000,0x00000000811f19a0,0x0000000086580000)
 Metaspace       used 20844K, capacity 21076K, committed 21248K, reserved 1067008K
  class space    used 2719K, capacity 2816K, committed 2816K, reserved 1048576K
Event: 27.146 GC heap after
Heap after GC invocations=2 (full 1):
 PSYoungGen      total 38400K, used 0K [0x00000000d5b00000, 0x00000000d8580000, 0x0000000100000000)
  eden space 33280K, 0% used [0x00000000d5b00000,0x00000000d5b00000,0x00000000d7b80000)
  from space 5120K, 0% used [0x00000000d7b80000,0x00000000d7b80000,0x00000000d8080000)
  to   space 5120K, 0% used [0x00000000d8080000,0x00000000d8080000,0x00000000d8580000)
 ParOldGen       total 42496K, used 7021K [0x0000000081000000, 0x0000000083980000, 0x00000000d5b00000)
  object space 42496K, 16% used [0x0000000081000000,0x00000000816db5f8,0x0000000083980000)
 Metaspace       used 20844K, capacity 21076K, committed 21248K, reserved 1067008K
  class space    used 2719K, capacity 2816K, committed 2816K, reserved 1048576K
}
Event: 82.501 GC heap before
{Heap before GC invocations=3 (full 1):
 PSYoungGen      total 38400K, used 33280K [0x00000000d5b00000, 0x00000000d8580000, 0x0000000100000000)
  eden space 33280K, 100% used [0x00000000d5b00000,0x00000000d7b80000,0x00000000d7b80000)
  from space 5120K, 0% used [0x00000000d7b80000,0x00000000d7b80000,0x00000000d8080000)
  to   space 5120K, 0% used [0x00000000d8080000,0x00000000d8080000,0x00000000d8580000)
 ParOldGen       total 42496K, used 7021K [0x0000000081000000, 0x0000000083980000, 0x00000000d5b00000)
  object space 42496K, 16% used [0x0000000081000000,0x00000000816db5f8,0x0000000083980000)
 Metaspace       used 22198K, capacity 22484K, committed 22912K, reserved 1069056K
  class space    used 2762K, capacity 2866K, committed 2944K, reserved 1048576K
Event: 82.504 GC heap after
Heap after GC invocations=3 (full 1):
 PSYoungGen      total 38400K, used 432K [0x00000000d5b00000, 0x00000000d8580000, 0x0000000100000000)
  eden space 33280K, 0% used [0x00000000d5b00000,0x00000000d5b00000,0x00000000d7b80000)
  from space 5120K, 8% used [0x00000000d8080000,0x00000000d80ec010,0x00000000d8580000)
  to   space 5120K, 0% used [0x00000000d7b80000,0x00000000d7b80000,0x00000000d8080000)
 ParOldGen       total 42496K, used 7029K [0x0000000081000000, 0x0000000083980000, 0x00000000d5b00000)
  object space 42496K, 16% used [0x0000000081000000,0x00000000816dd5f8,0x0000000083980000)
 Metaspace       used 22198K, capacity 22484K, committed 22912K, reserved 1069056K
  class space    used 2762K, capacity 2866K, committed 2944K, reserved 1048576K
}
Event: 185.793 GC heap before
{Heap before GC invocations=4 (full 1):
 PSYoungGen      total 38400K, used 33712K [0x00000000d5b00000, 0x00000000d8580000, 0x0000000100000000)
  eden space 33280K, 100% used [0x00000000d5b00000,0x00000000d7b80000,0x00000000d7b80000)
  from space 5120K, 8% used [0x00000000d8080000,0x00000000d80ec010,0x00000000d8580000)
  to   space 5120K, 0% used [0x00000000d7b80000,0x00000000d7b80000,0x00000000d8080000)
 ParOldGen       total 42496K, used 7029K [0x0000000081000000, 0x0000000083980000, 0x00000000d5b00000)
  object space 42496K, 16% used [0x0000000081000000,0x00000000816dd5f8,0x0000000083980000)
 Metaspace       used 22568K, capacity 22940K, committed 23168K, reserved 1069056K
  class space    used 2766K, capacity 2866K, committed 2944K, reserved 1048576K
Event: 185.795 GC heap after
Heap after GC invocations=4 (full 1):
 PSYoungGen      total 38400K, used 400K [0x00000000d5b00000, 0x00000000d8580000, 0x0000000100000000)
  eden space 33280K, 0% used [0x00000000d5b00000,0x00000000d5b00000,0x00000000d7b80000)
  from space 5120K, 7% used [0x00000000d7b80000,0x00000000d7be4010,0x00000000d8080000)
  to   space 5120K, 0% used [0x00000000d8080000,0x00000000d8080000,0x00000000d8580000)
 ParOldGen       total 42496K, used 7037K [0x0000000081000000, 0x0000000083980000, 0x00000000d5b00000)
  object space 42496K, 16% used [0x0000000081000000,0x00000000816df5f8,0x0000000083980000)
 Metaspace       used 22568K, capacity 22940K, committed 23168K, reserved 1069056K
  class space    used 2766K, capacity 2866K, committed 2944K, reserved 1048576K
}
Event: 326.064 GC heap before
{Heap before GC invocations=5 (full 1):
 PSYoungGen      total 38400K, used 33680K [0x00000000d5b00000, 0x00000000d8580000, 0x0000000100000000)
  eden space 33280K, 100% used [0x00000000d5b00000,0x00000000d7b80000,0x00000000d7b80000)
  from space 5120K, 7% used [0x00000000d7b80000,0x00000000d7be4010,0x00000000d8080000)
  to   space 5120K, 0% used [0x00000000d8080000,0x00000000d8080000,0x00000000d8580000)
 ParOldGen       total 42496K, used 7037K [0x0000000081000000, 0x0000000083980000, 0x00000000d5b00000)
  object space 42496K, 16% used [0x0000000081000000,0x00000000816df5f8,0x0000000083980000)
 Metaspace       used 22704K, capacity 23080K, committed 23424K, reserved 1069056K
  class space    used 2767K, capacity 2868K, committed 2944K, reserved 1048576K
Event: 326.070 GC heap after
Heap after GC invocations=5 (full 1):
 PSYoungGen      total 38400K, used 480K [0x00000000d5b00000, 0x00000000d8580000, 0x0000000100000000)
  eden space 33280K, 0% used [0x00000000d5b00000,0x00000000d5b00000,0x00000000d7b80000)
  from space 5120K, 9% used [0x00000000d8080000,0x00000000d80f8020,0x00000000d8580000)
  to   space 5120K, 0% used [0x00000000d7b80000,0x00000000d7b80000,0x00000000d8080000)
 ParOldGen       total 42496K, used 7037K [0x0000000081000000, 0x0000000083980000, 0x00000000d5b00000)
  object space 42496K, 16% used [0x0000000081000000,0x00000000816df5f8,0x0000000083980000)
 Metaspace       used 22704K, capacity 23080K, committed 23424K, reserved 1069056K
  class space    used 2767K, capacity 2868K, committed 2944K, reserved 1048576K
}

